<?xml version="1.0" encoding="UTF-8"?>
<!-- Generated by org.testng.reporters.JUnitReportReporter -->
<testsuite hostname="DESKTOP-3QR1MEB" failures="0" tests="1" name="advance_reports.Sauce_Demo" time="53.715" errors="0" timestamp="2025-10-29T17:58:59 IST" skipped="0">
  <testcase classname="advance_reports.Sauce_Demo" name="login" time="53.715"/>
</testsuite> <!-- advance_reports.Sauce_Demo -->
