<?xml version="1.0" encoding="UTF-8"?>
<!-- Generated by org.testng.reporters.JUnitReportReporter -->
<testsuite hostname="DESKTOP-3QR1MEB" failures="0" tests="1" name="contacts.CreateContactTest" time="54.118" errors="0" timestamp="2025-10-15T20:22:38 IST" skipped="0">
  <testcase classname="contacts.CreateContactTest" name="createContTest" time="54.118"/>
</testsuite> <!-- contacts.CreateContactTest -->
