<?xml version="1.0" encoding="UTF-8"?>
<!-- Generated by org.testng.reporters.JUnitReportReporter -->
<testsuite hostname="DESKTOP-3QR1MEB" failures="0" tests="5" name="dp_extra.ArrayCheck" time="0.040" errors="0" timestamp="2025-10-11T16:10:19 IST" skipped="0">
  <testcase classname="dp_extra.ArrayCheck" name="loginToSauceDemo" time="0.004"/>
  <testcase classname="dp_extra.ArrayCheck" name="loginToSauceDemo" time="0.005"/>
  <testcase classname="dp_extra.ArrayCheck" name="loginToSauceDemo" time="0.004"/>
  <testcase classname="dp_extra.ArrayCheck" name="loginToSauceDemo" time="0.004"/>
  <testcase classname="dp_extra.ArrayCheck" name="loginToSauceDemo" time="0.023"/>
</testsuite> <!-- dp_extra.ArrayCheck -->
