<?xml version="1.0" encoding="UTF-8"?>
<!-- Generated by org.testng.reporters.JUnitReportReporter -->
<testsuite hostname="DESKTOP-3QR1MEB" failures="0" tests="11" name="testng_extra.DemoForInvocationTest" time="176.097" errors="0" timestamp="2025-10-10T20:19:19 IST" skipped="1">
  <testcase classname="testng_extra.DemoForInvocationTest" name="case3" time="25.950"/>
  <testcase classname="testng_extra.DemoForInvocationTest" name="case3" time="8.477"/>
  <testcase classname="testng_extra.DemoForInvocationTest" name="case3" time="12.552"/>
  <testcase classname="testng_extra.DemoForInvocationTest" name="case3" time="17.118"/>
  <testcase classname="testng_extra.DemoForInvocationTest" name="case3" time="13.236"/>
  <testcase classname="testng_extra.DemoForInvocationTest" name="case3" time="17.788"/>
  <testcase classname="testng_extra.DemoForInvocationTest" name="case3" time="25.177"/>
  <testcase classname="testng_extra.DemoForInvocationTest" name="case3" time="8.989"/>
  <testcase classname="testng_extra.DemoForInvocationTest" name="case3" time="34.348"/>
  <testcase classname="testng_extra.DemoForInvocationTest" name="case3" time="12.462"/>
  <testcase classname="testng_extra.DemoForInvocationTest" name="case2">
    <skipped/>
  </testcase> <!-- case2 -->
</testsuite> <!-- testng_extra.DemoForInvocationTest -->
