<?xml version="1.0" encoding="UTF-8"?>
<!-- Generated by org.testng.reporters.JUnitReportReporter -->
<testsuite hostname="DESKTOP-3QR1MEB" failures="0" tests="1" name="types_of_execution.Demo6" time="6.688" errors="0" timestamp="2025-10-14T19:55:48 IST" skipped="0">
  <testcase classname="types_of_execution.Demo6" name="case6" time="6.688"/>
</testsuite> <!-- types_of_execution.Demo6 -->
