<?xml version="1.0" encoding="UTF-8"?>
<!-- Generated by org.testng.reporters.JUnitReportReporter -->
<testsuite hostname="DESKTOP-3QR1MEB" failures="0" tests="1" name="config_ann_extra.ContectTest" time="10.648" errors="0" timestamp="2025-10-15T19:39:01 IST" skipped="0">
  <testcase classname="config_ann_extra.ContectTest" name="createContactTest" time="10.648"/>
</testsuite> <!-- config_ann_extra.ContectTest -->
