<?xml version="1.0" encoding="UTF-8"?>
<!-- Generated by org.testng.reporters.JUnitReportReporter -->
<testsuite hostname="DESKTOP-3QR1MEB" failures="0" tests="1" name="types_of_execution.Demo5" time="17.934" errors="0" timestamp="2025-10-14T09:53:15 IST" skipped="0">
  <testcase classname="types_of_execution.Demo5" name="case3" time="17.934"/>
</testsuite> <!-- types_of_execution.Demo5 -->
