<?xml version="1.0" encoding="UTF-8"?>
<!-- Generated by org.testng.reporters.JUnitReportReporter -->
<testsuite hostname="DESKTOP-3QR1MEB" failures="0" tests="3" name="testing_extra.Demo1" time="0.048" errors="0" timestamp="2025-10-09T19:33:13 IST" skipped="0">
  <testcase classname="testing_extra.Demo1" name="case3" time="0.006">
    <system-out>
      <![CDATA[case 3 : Plz go elsewhere...]]>
    </system-out>
  </testcase> <!-- case3 -->
  <testcase classname="testing_extra.Demo1" name="case2" time="0.009">
    <system-out>
      <![CDATA[case 2 : Plz go elsewhere...]]>
    </system-out>
  </testcase> <!-- case2 -->
  <testcase classname="testing_extra.Demo1" name="case1" time="0.033"/>
  <system-out>
    <![CDATA[case 2 : Plz go elsewhere...
case 3 : Plz go elsewhere...]]>
  </system-out>
</testsuite> <!-- testing_extra.Demo1 -->
