<?xml version="1.0" encoding="UTF-8"?>
<!-- Generated by org.testng.reporters.JUnitReportReporter -->
<testsuite hostname="DESKTOP-3QR1MEB" failures="0" tests="1" name="listeners_extra.JustToProve" time="0.032" errors="0" timestamp="2025-11-01T08:52:44 IST" skipped="0">
  <testcase classname="listeners_extra.JustToProve" name="case1" time="0.032"/>
</testsuite> <!-- listeners_extra.JustToProve -->
