<?xml version="1.0" encoding="UTF-8"?>
<!-- Generated by org.testng.reporters.JUnitReportReporter -->
<testsuite hostname="DESKTOP-3QR1MEB" failures="0" tests="1" name="advance_reports.SauceDemo" time="18.361" errors="0" timestamp="2025-10-29T17:26:07 IST" skipped="0">
  <testcase classname="advance_reports.SauceDemo" name="login" time="18.361"/>
</testsuite> <!-- advance_reports.SauceDemo -->
