<?xml version="1.0" encoding="UTF-8"?>
<!-- Generated by org.testng.reporters.JUnitReportReporter -->
<testsuite hostname="DESKTOP-3QR1MEB" failures="0" tests="3" name="testing_extra.DemoTest" time="0.047" errors="0" timestamp="2025-10-09T20:11:54 IST" skipped="0">
  <testcase classname="testing_extra.DemoTest" name="case3" time="0.009">
    <system-out>
      <![CDATA[case 3 : Plz go elsewhere...]]>
    </system-out>
  </testcase> <!-- case3 -->
  <testcase classname="testing_extra.DemoTest" name="case2" time="0.007">
    <system-out>
      <![CDATA[case 2 : Plz go elsewhere...]]>
    </system-out>
  </testcase> <!-- case2 -->
  <testcase classname="testing_extra.DemoTest" name="case1" time="0.031"/>
  <system-out>
    <![CDATA[case 2 : Plz go elsewhere...
case 3 : Plz go elsewhere...]]>
  </system-out>
</testsuite> <!-- testing_extra.DemoTest -->
