<?xml version="1.0" encoding="UTF-8"?>
<!-- Generated by org.testng.reporters.JUnitReportReporter -->
<testsuite hostname="DESKTOP-3QR1MEB" failures="0" tests="1" name="types_of_execution.Demo1" time="12.632" errors="0" timestamp="2025-10-11T17:14:42 IST" skipped="0">
  <testcase classname="types_of_execution.Demo1" name="case1" time="12.632"/>
</testsuite> <!-- types_of_execution.Demo1 -->
