<?xml version="1.0" encoding="UTF-8"?>
<!-- Generated by org.testng.reporters.JUnitReportReporter -->
<testsuite hostname="DESKTOP-3QR1MEB" failures="0" tests="1" name="listeners_extra.JustToProve2" time="0.004" errors="0" timestamp="2025-11-01T09:23:21 IST" skipped="0">
  <testcase classname="listeners_extra.JustToProve2" name="case2" time="0.004"/>
</testsuite> <!-- listeners_extra.JustToProve2 -->
